<?xml version="1.0" encoding="UTF-8"?>
<testng-results skipped="0" failed="0" ignored="0" total="1" passed="1">
  <reporter-output>
  </reporter-output>
  <suite name="Default suite" duration-ms="17996" started-at="2018-10-20T07:49:31Z" finished-at="2018-10-20T07:49:49Z">
    <groups>
    </groups>
    <test name="Default test" duration-ms="17996" started-at="2018-10-20T07:49:31Z" finished-at="2018-10-20T07:49:49Z">
      <class name="testcases.LoginValidation">
        <test-method status="PASS" signature="testUserLogin()[pri:0, instance:testcases.LoginValidation@5b87ed94]" name="testUserLogin" duration-ms="17890" started-at="2018-10-20T07:49:32Z" finished-at="2018-10-20T07:49:49Z">
          <reporter-output>
          </reporter-output>
        </test-method> <!-- testUserLogin -->
      </class> <!-- testcases.LoginValidation -->
    </test> <!-- Default test -->
  </suite> <!-- Default suite -->
</testng-results>
